<?xml version="1.0" encoding="UTF-8"?>
<testng-results skipped="2" failed="1" total="6" passed="3">
  <reporter-output>
  </reporter-output>
  <suite name="Suite" duration-ms="681228" started-at="2017-11-06T14:11:37Z" finished-at="2017-11-06T14:22:58Z">
    <groups>
    </groups>
    <test name="Test" duration-ms="681228" started-at="2017-11-06T14:11:37Z" finished-at="2017-11-06T14:22:58Z">
      <class name="com.dbmi.iBRIC.iBRIC_How2Apply">
        <test-method status="PASS" signature="setUp()[pri:0, instance:com.dbmi.iBRIC.iBRIC_How2Apply@27efef64]" name="setUp" is-config="true" duration-ms="11031" started-at="2017-11-06T09:11:37Z" finished-at="2017-11-06T09:11:48Z">
          <reporter-output>
          </reporter-output>
        </test-method> <!-- setUp -->
        <test-method status="PASS" signature="testIbricHow2Apply()[pri:0, instance:com.dbmi.iBRIC.iBRIC_How2Apply@27efef64]" name="testIbricHow2Apply" duration-ms="105284" started-at="2017-11-06T09:11:48Z" finished-at="2017-11-06T09:13:33Z">
          <reporter-output>
          </reporter-output>
        </test-method> <!-- testIbricHow2Apply -->
        <test-method status="PASS" signature="afterMethod()[pri:0, instance:com.dbmi.iBRIC.iBRIC_How2Apply@27efef64]" name="afterMethod" is-config="true" duration-ms="1028" started-at="2017-11-06T09:13:33Z" finished-at="2017-11-06T09:13:34Z">
          <reporter-output>
          </reporter-output>
        </test-method> <!-- afterMethod -->
        <test-method status="PASS" signature="tearDown()[pri:0, instance:com.dbmi.iBRIC.iBRIC_How2Apply@27efef64]" name="tearDown" is-config="true" duration-ms="1" started-at="2017-11-06T09:13:34Z" finished-at="2017-11-06T09:13:34Z">
          <reporter-output>
          </reporter-output>
        </test-method> <!-- tearDown -->
      </class> <!-- com.dbmi.iBRIC.iBRIC_How2Apply -->
      <class name="com.dbmi.iBRIC.iBRIC_Home">
        <test-method status="PASS" signature="setUp()[pri:0, instance:com.dbmi.iBRIC.iBRIC_Home@77caeb3e]" name="setUp" is-config="true" duration-ms="14726" started-at="2017-11-06T09:22:44Z" finished-at="2017-11-06T09:22:58Z">
          <reporter-output>
          </reporter-output>
        </test-method> <!-- setUp -->
        <test-method status="SKIP" signature="testIbricHome()[pri:0, instance:com.dbmi.iBRIC.iBRIC_Home@77caeb3e]" name="testIbricHome" duration-ms="1" started-at="2017-11-06T09:22:58Z" finished-at="2017-11-06T09:22:58Z">
          <reporter-output>
          </reporter-output>
        </test-method> <!-- testIbricHome -->
        <test-method status="SKIP" signature="afterMethod()[pri:0, instance:com.dbmi.iBRIC.iBRIC_Home@77caeb3e]" name="afterMethod" is-config="true" duration-ms="0" started-at="2017-11-06T09:22:58Z" finished-at="2017-11-06T09:22:58Z">
          <reporter-output>
          </reporter-output>
        </test-method> <!-- afterMethod -->
        <test-method status="PASS" signature="tearDown()[pri:0, instance:com.dbmi.iBRIC.iBRIC_Home@77caeb3e]" name="tearDown" is-config="true" duration-ms="0" started-at="2017-11-06T09:22:58Z" finished-at="2017-11-06T09:22:58Z">
          <reporter-output>
          </reporter-output>
        </test-method> <!-- tearDown -->
      </class> <!-- com.dbmi.iBRIC.iBRIC_Home -->
      <class name="com.dbmi.iBRIC.iBRIC_AboutUs">
        <test-method status="FAIL" signature="setUp()[pri:0, instance:com.dbmi.iBRIC.iBRIC_AboutUs@66a3ffec]" name="setUp" is-config="true" duration-ms="0" started-at="2017-11-06T09:21:53Z" finished-at="2017-11-06T09:21:53Z">
          <exception class="org.openqa.selenium.WebDriverException">
            <message>
              <![CDATA[Process unexpectedly closed with status: 0
Build info: version: '3.4.0', revision: 'unknown', time: 'unknown'
System info: host: 'JOP55-DT', ip: '192.168.56.1', os.name: 'Windows 8.1', os.arch: 'amd64', os.version: '6.3', java.version: '1.8.0_60'
Driver info: driver.version: FirefoxDriver
remote stacktrace: stack backtrace:
   0:           0x4821c4 - <no info>
   1:           0x482933 - <no info>
   2:           0x445159 - <no info>
   3:           0x44c838 - <no info>
   4:           0x43026a - <no info>
   5:           0x40ba4e - <no info>
   6:           0x4119b9 - <no info>
   7:           0x6d2c89 - <no info>
   8:           0x426006 - <no info>
   9:           0x6cd490 - <no info>
  10:     0x7ffaa03613d2 - BaseThreadInitThunk]]>
            </message>
            <full-stacktrace>
              <![CDATA[org.openqa.selenium.WebDriverException: Process unexpectedly closed with status: 0
Build info: version: '3.4.0', revision: 'unknown', time: 'unknown'
System info: host: 'JOP55-DT', ip: '192.168.56.1', os.name: 'Windows 8.1', os.arch: 'amd64', os.version: '6.3', java.version: '1.8.0_60'
Driver info: driver.version: FirefoxDriver
remote stacktrace: stack backtrace:
   0:           0x4821c4 - <no info>
   1:           0x482933 - <no info>
   2:           0x445159 - <no info>
   3:           0x44c838 - <no info>
   4:           0x43026a - <no info>
   5:           0x40ba4e - <no info>
   6:           0x4119b9 - <no info>
   7:           0x6d2c89 - <no info>
   8:           0x426006 - <no info>
   9:           0x6cd490 - <no info>
  10:     0x7ffaa03613d2 - BaseThreadInitThunk
	at sun.reflect.NativeConstructorAccessorImpl.newInstance0(Native Method)
	at sun.reflect.NativeConstructorAccessorImpl.newInstance(NativeConstructorAccessorImpl.java:62)
	at sun.reflect.DelegatingConstructorAccessorImpl.newInstance(DelegatingConstructorAccessorImpl.java:45)
	at java.lang.reflect.Constructor.newInstance(Constructor.java:422)
	at org.openqa.selenium.remote.W3CHandshakeResponse.lambda$new$0(W3CHandshakeResponse.java:57)
	at org.openqa.selenium.remote.W3CHandshakeResponse.lambda$getResponseFunction$2(W3CHandshakeResponse.java:104)
	at org.openqa.selenium.remote.ProtocolHandshake.lambda$createSession$22(ProtocolHandshake.java:365)
	at java.util.stream.ReferencePipeline$3$1.accept(ReferencePipeline.java:193)
	at java.util.Spliterators$ArraySpliterator.tryAdvance(Spliterators.java:958)
	at java.util.stream.ReferencePipeline.forEachWithCancel(ReferencePipeline.java:126)
	at java.util.stream.AbstractPipeline.copyIntoWithCancel(AbstractPipeline.java:498)
	at java.util.stream.AbstractPipeline.copyInto(AbstractPipeline.java:485)
	at java.util.stream.AbstractPipeline.wrapAndCopyInto(AbstractPipeline.java:471)
	at java.util.stream.FindOps$FindOp.evaluateSequential(FindOps.java:152)
	at java.util.stream.AbstractPipeline.evaluate(AbstractPipeline.java:234)
	at java.util.stream.ReferencePipeline.findFirst(ReferencePipeline.java:464)
	at org.openqa.selenium.remote.ProtocolHandshake.createSession(ProtocolHandshake.java:368)
	at org.openqa.selenium.remote.ProtocolHandshake.createSession(ProtocolHandshake.java:159)
	at org.openqa.selenium.remote.HttpCommandExecutor.execute(HttpCommandExecutor.java:142)
	at org.openqa.selenium.remote.service.DriverCommandExecutor.execute(DriverCommandExecutor.java:82)
	at org.openqa.selenium.remote.RemoteWebDriver.execute(RemoteWebDriver.java:637)
	at org.openqa.selenium.remote.RemoteWebDriver.startSession(RemoteWebDriver.java:250)
	at org.openqa.selenium.remote.RemoteWebDriver.startSession(RemoteWebDriver.java:236)
	at org.openqa.selenium.remote.RemoteWebDriver.<init>(RemoteWebDriver.java:137)
	at org.openqa.selenium.firefox.FirefoxDriver.<init>(FirefoxDriver.java:191)
	at org.openqa.selenium.firefox.FirefoxDriver.<init>(FirefoxDriver.java:108)
	at org.openqa.selenium.firefox.FirefoxDriver.<init>(FirefoxDriver.java:104)
	at com.dbmi.iBRIC.iBRIC_WebLogin.setUp(iBRIC_WebLogin.java:21)
	at sun.reflect.NativeMethodAccessorImpl.invoke0(Native Method)
	at sun.reflect.NativeMethodAccessorImpl.invoke(NativeMethodAccessorImpl.java:62)
	at sun.reflect.DelegatingMethodAccessorImpl.invoke(DelegatingMethodAccessorImpl.java:43)
	at java.lang.reflect.Method.invoke(Method.java:497)
	at org.testng.internal.MethodInvocationHelper.invokeMethod(MethodInvocationHelper.java:86)
	at org.testng.internal.Invoker.invokeConfigurationMethod(Invoker.java:514)
	at org.testng.internal.Invoker.invokeConfigurations(Invoker.java:215)
	at org.testng.internal.Invoker.invokeConfigurations(Invoker.java:142)
	at org.testng.internal.TestMethodWorker.invokeBeforeClassMethods(TestMethodWorker.java:178)
	at org.testng.internal.TestMethodWorker.run(TestMethodWorker.java:108)
	at org.testng.TestRunner.privateRun(TestRunner.java:782)
	at org.testng.TestRunner.run(TestRunner.java:632)
	at org.testng.SuiteRunner.runTest(SuiteRunner.java:366)
	at org.testng.SuiteRunner.runSequentially(SuiteRunner.java:361)
	at org.testng.SuiteRunner.privateRun(SuiteRunner.java:319)
	at org.testng.SuiteRunner.run(SuiteRunner.java:268)
	at org.testng.SuiteRunnerWorker.runSuite(SuiteRunnerWorker.java:52)
	at org.testng.SuiteRunnerWorker.run(SuiteRunnerWorker.java:86)
	at org.testng.TestNG.runSuitesSequentially(TestNG.java:1244)
	at org.testng.TestNG.runSuitesLocally(TestNG.java:1169)
	at org.testng.TestNG.run(TestNG.java:1064)
	at org.testng.remote.AbstractRemoteTestNG.run(AbstractRemoteTestNG.java:132)
	at org.testng.remote.RemoteTestNG.initAndRun(RemoteTestNG.java:230)
	at org.testng.remote.RemoteTestNG.main(RemoteTestNG.java:76)
]]>
            </full-stacktrace>
          </exception> <!-- org.openqa.selenium.WebDriverException -->
          <reporter-output>
          </reporter-output>
        </test-method> <!-- setUp -->
        <test-method status="SKIP" signature="testIbricAbouUs()[pri:0, instance:com.dbmi.iBRIC.iBRIC_AboutUs@66a3ffec]" name="testIbricAbouUs" duration-ms="1" started-at="2017-11-06T09:22:44Z" finished-at="2017-11-06T09:22:44Z">
          <reporter-output>
          </reporter-output>
        </test-method> <!-- testIbricAbouUs -->
        <test-method status="SKIP" signature="afterMethod()[pri:0, instance:com.dbmi.iBRIC.iBRIC_AboutUs@66a3ffec]" name="afterMethod" is-config="true" duration-ms="0" started-at="2017-11-06T09:22:44Z" finished-at="2017-11-06T09:22:44Z">
          <reporter-output>
          </reporter-output>
        </test-method> <!-- afterMethod -->
        <test-method status="PASS" signature="tearDown()[pri:0, instance:com.dbmi.iBRIC.iBRIC_AboutUs@66a3ffec]" name="tearDown" is-config="true" duration-ms="0" started-at="2017-11-06T09:22:44Z" finished-at="2017-11-06T09:22:44Z">
          <reporter-output>
          </reporter-output>
        </test-method> <!-- tearDown -->
      </class> <!-- com.dbmi.iBRIC.iBRIC_AboutUs -->
      <class name="com.dbmi.iBRIC.iBRIC_Team">
        <test-method status="PASS" signature="setUp()[pri:0, instance:com.dbmi.iBRIC.iBRIC_Team@3e6fa38a]" name="setUp" is-config="true" duration-ms="6835" started-at="2017-11-06T09:17:10Z" finished-at="2017-11-06T09:17:17Z">
          <reporter-output>
          </reporter-output>
        </test-method> <!-- setUp -->
        <test-method status="FAIL" signature="testIbricTeam()[pri:0, instance:com.dbmi.iBRIC.iBRIC_Team@3e6fa38a]" name="testIbricTeam" duration-ms="274204" started-at="2017-11-06T09:17:17Z" finished-at="2017-11-06T09:21:51Z">
          <exception class="org.openqa.selenium.NoSuchWindowException">
            <message>
              <![CDATA[Unable to locate window
Build info: version: '3.4.0', revision: 'unknown', time: 'unknown'
System info: host: 'JOP55-DT', ip: '192.168.56.1', os.name: 'Windows 8.1', os.arch: 'amd64', os.version: '6.3', java.version: '1.8.0_60'
Driver info: org.openqa.selenium.firefox.FirefoxDriver
Capabilities [{moz:profile=C:\Users\JOP55\AppData\Local\Temp\rust_mozprofile.yCwweJKj45kU, rotatable=false, timeouts={implicit=0.0, pageLoad=300000.0, script=30000.0}, pageLoadStrategy=normal, moz:headless=false, platform=ANY, specificationLevel=0.0, moz:accessibilityChecks=false, acceptInsecureCerts=false, browserVersion=56.0.2, platformVersion=6.3, moz:processID=9248.0, browserName=firefox, javascriptEnabled=true, platformName=windows_nt}]
Session ID: c7eec4eb-c6f9-4dab-8bfb-67695bfbf26b]]>
            </message>
            <full-stacktrace>
              <![CDATA[org.openqa.selenium.NoSuchWindowException: Unable to locate window
Build info: version: '3.4.0', revision: 'unknown', time: 'unknown'
System info: host: 'JOP55-DT', ip: '192.168.56.1', os.name: 'Windows 8.1', os.arch: 'amd64', os.version: '6.3', java.version: '1.8.0_60'
Driver info: org.openqa.selenium.firefox.FirefoxDriver
Capabilities [{moz:profile=C:\Users\JOP55\AppData\Local\Temp\rust_mozprofile.yCwweJKj45kU, rotatable=false, timeouts={implicit=0.0, pageLoad=300000.0, script=30000.0}, pageLoadStrategy=normal, moz:headless=false, platform=ANY, specificationLevel=0.0, moz:accessibilityChecks=false, acceptInsecureCerts=false, browserVersion=56.0.2, platformVersion=6.3, moz:processID=9248.0, browserName=firefox, javascriptEnabled=true, platformName=windows_nt}]
Session ID: c7eec4eb-c6f9-4dab-8bfb-67695bfbf26b
	at sun.reflect.NativeConstructorAccessorImpl.newInstance0(Native Method)
	at sun.reflect.NativeConstructorAccessorImpl.newInstance(NativeConstructorAccessorImpl.java:62)
	at sun.reflect.DelegatingConstructorAccessorImpl.newInstance(DelegatingConstructorAccessorImpl.java:45)
	at java.lang.reflect.Constructor.newInstance(Constructor.java:422)
	at org.openqa.selenium.remote.http.W3CHttpResponseCodec.createException(W3CHttpResponseCodec.java:150)
	at org.openqa.selenium.remote.http.W3CHttpResponseCodec.decode(W3CHttpResponseCodec.java:115)
	at org.openqa.selenium.remote.http.W3CHttpResponseCodec.decode(W3CHttpResponseCodec.java:45)
	at org.openqa.selenium.remote.HttpCommandExecutor.execute(HttpCommandExecutor.java:164)
	at org.openqa.selenium.remote.service.DriverCommandExecutor.execute(DriverCommandExecutor.java:82)
	at org.openqa.selenium.remote.RemoteWebDriver.execute(RemoteWebDriver.java:637)
	at org.openqa.selenium.remote.RemoteWebElement.execute(RemoteWebElement.java:272)
	at org.openqa.selenium.remote.RemoteWebElement.getAttribute(RemoteWebElement.java:124)
	at com.dbmi.iBRIC.iBRIC_Team.testIbricTeam(iBRIC_Team.java:24)
	at sun.reflect.NativeMethodAccessorImpl.invoke0(Native Method)
	at sun.reflect.NativeMethodAccessorImpl.invoke(NativeMethodAccessorImpl.java:62)
	at sun.reflect.DelegatingMethodAccessorImpl.invoke(DelegatingMethodAccessorImpl.java:43)
	at java.lang.reflect.Method.invoke(Method.java:497)
	at org.testng.internal.MethodInvocationHelper.invokeMethod(MethodInvocationHelper.java:86)
	at org.testng.internal.Invoker.invokeMethod(Invoker.java:643)
	at org.testng.internal.Invoker.invokeTestMethod(Invoker.java:820)
	at org.testng.internal.Invoker.invokeTestMethods(Invoker.java:1128)
	at org.testng.internal.TestMethodWorker.invokeTestMethods(TestMethodWorker.java:129)
	at org.testng.internal.TestMethodWorker.run(TestMethodWorker.java:112)
	at org.testng.TestRunner.privateRun(TestRunner.java:782)
	at org.testng.TestRunner.run(TestRunner.java:632)
	at org.testng.SuiteRunner.runTest(SuiteRunner.java:366)
	at org.testng.SuiteRunner.runSequentially(SuiteRunner.java:361)
	at org.testng.SuiteRunner.privateRun(SuiteRunner.java:319)
	at org.testng.SuiteRunner.run(SuiteRunner.java:268)
	at org.testng.SuiteRunnerWorker.runSuite(SuiteRunnerWorker.java:52)
	at org.testng.SuiteRunnerWorker.run(SuiteRunnerWorker.java:86)
	at org.testng.TestNG.runSuitesSequentially(TestNG.java:1244)
	at org.testng.TestNG.runSuitesLocally(TestNG.java:1169)
	at org.testng.TestNG.run(TestNG.java:1064)
	at org.testng.remote.AbstractRemoteTestNG.run(AbstractRemoteTestNG.java:132)
	at org.testng.remote.RemoteTestNG.initAndRun(RemoteTestNG.java:230)
	at org.testng.remote.RemoteTestNG.main(RemoteTestNG.java:76)
]]>
            </full-stacktrace>
          </exception> <!-- org.openqa.selenium.NoSuchWindowException -->
          <reporter-output>
          </reporter-output>
        </test-method> <!-- testIbricTeam -->
        <test-method status="FAIL" signature="afterMethod()[pri:0, instance:com.dbmi.iBRIC.iBRIC_Team@3e6fa38a]" name="afterMethod" is-config="true" duration-ms="0" started-at="2017-11-06T09:21:52Z" finished-at="2017-11-06T09:21:52Z">
          <exception class="org.openqa.selenium.WebDriverException">
            <message>
              <![CDATA[Failed to decode response from marionette
Build info: version: '3.4.0', revision: 'unknown', time: 'unknown'
System info: host: 'JOP55-DT', ip: '192.168.56.1', os.name: 'Windows 8.1', os.arch: 'amd64', os.version: '6.3', java.version: '1.8.0_60'
Driver info: org.openqa.selenium.firefox.FirefoxDriver
Capabilities [{moz:profile=C:\Users\JOP55\AppData\Local\Temp\rust_mozprofile.yCwweJKj45kU, rotatable=false, timeouts={implicit=0.0, pageLoad=300000.0, script=30000.0}, pageLoadStrategy=normal, moz:headless=false, platform=ANY, specificationLevel=0.0, moz:accessibilityChecks=false, acceptInsecureCerts=false, browserVersion=56.0.2, platformVersion=6.3, moz:processID=9248.0, browserName=firefox, javascriptEnabled=true, platformName=windows_nt}]
Session ID: c7eec4eb-c6f9-4dab-8bfb-67695bfbf26b]]>
            </message>
            <full-stacktrace>
              <![CDATA[org.openqa.selenium.WebDriverException: Failed to decode response from marionette
Build info: version: '3.4.0', revision: 'unknown', time: 'unknown'
System info: host: 'JOP55-DT', ip: '192.168.56.1', os.name: 'Windows 8.1', os.arch: 'amd64', os.version: '6.3', java.version: '1.8.0_60'
Driver info: org.openqa.selenium.firefox.FirefoxDriver
Capabilities [{moz:profile=C:\Users\JOP55\AppData\Local\Temp\rust_mozprofile.yCwweJKj45kU, rotatable=false, timeouts={implicit=0.0, pageLoad=300000.0, script=30000.0}, pageLoadStrategy=normal, moz:headless=false, platform=ANY, specificationLevel=0.0, moz:accessibilityChecks=false, acceptInsecureCerts=false, browserVersion=56.0.2, platformVersion=6.3, moz:processID=9248.0, browserName=firefox, javascriptEnabled=true, platformName=windows_nt}]
Session ID: c7eec4eb-c6f9-4dab-8bfb-67695bfbf26b
	at sun.reflect.NativeConstructorAccessorImpl.newInstance0(Native Method)
	at sun.reflect.NativeConstructorAccessorImpl.newInstance(NativeConstructorAccessorImpl.java:62)
	at sun.reflect.DelegatingConstructorAccessorImpl.newInstance(DelegatingConstructorAccessorImpl.java:45)
	at java.lang.reflect.Constructor.newInstance(Constructor.java:422)
	at org.openqa.selenium.remote.http.W3CHttpResponseCodec.createException(W3CHttpResponseCodec.java:150)
	at org.openqa.selenium.remote.http.W3CHttpResponseCodec.decode(W3CHttpResponseCodec.java:115)
	at org.openqa.selenium.remote.http.W3CHttpResponseCodec.decode(W3CHttpResponseCodec.java:45)
	at org.openqa.selenium.remote.HttpCommandExecutor.execute(HttpCommandExecutor.java:164)
	at org.openqa.selenium.remote.service.DriverCommandExecutor.execute(DriverCommandExecutor.java:82)
	at org.openqa.selenium.remote.RemoteWebDriver.execute(RemoteWebDriver.java:637)
	at org.openqa.selenium.remote.RemoteWebDriver.execute(RemoteWebDriver.java:694)
	at org.openqa.selenium.remote.RemoteWebDriver.quit(RemoteWebDriver.java:533)
	at com.dbmi.iBRIC.iBRIC_Team.afterMethod(iBRIC_Team.java:64)
	at sun.reflect.NativeMethodAccessorImpl.invoke0(Native Method)
	at sun.reflect.NativeMethodAccessorImpl.invoke(NativeMethodAccessorImpl.java:62)
	at sun.reflect.DelegatingMethodAccessorImpl.invoke(DelegatingMethodAccessorImpl.java:43)
	at java.lang.reflect.Method.invoke(Method.java:497)
	at org.testng.internal.MethodInvocationHelper.invokeMethod(MethodInvocationHelper.java:86)
	at org.testng.internal.Invoker.invokeConfigurationMethod(Invoker.java:514)
	at org.testng.internal.Invoker.invokeConfigurations(Invoker.java:215)
	at org.testng.internal.Invoker.invokeMethod(Invoker.java:707)
	at org.testng.internal.Invoker.invokeTestMethod(Invoker.java:820)
	at org.testng.internal.Invoker.invokeTestMethods(Invoker.java:1128)
	at org.testng.internal.TestMethodWorker.invokeTestMethods(TestMethodWorker.java:129)
	at org.testng.internal.TestMethodWorker.run(TestMethodWorker.java:112)
	at org.testng.TestRunner.privateRun(TestRunner.java:782)
	at org.testng.TestRunner.run(TestRunner.java:632)
	at org.testng.SuiteRunner.runTest(SuiteRunner.java:366)
	at org.testng.SuiteRunner.runSequentially(SuiteRunner.java:361)
	at org.testng.SuiteRunner.privateRun(SuiteRunner.java:319)
	at org.testng.SuiteRunner.run(SuiteRunner.java:268)
	at org.testng.SuiteRunnerWorker.runSuite(SuiteRunnerWorker.java:52)
	at org.testng.SuiteRunnerWorker.run(SuiteRunnerWorker.java:86)
	at org.testng.TestNG.runSuitesSequentially(TestNG.java:1244)
	at org.testng.TestNG.runSuitesLocally(TestNG.java:1169)
	at org.testng.TestNG.run(TestNG.java:1064)
	at org.testng.remote.AbstractRemoteTestNG.run(AbstractRemoteTestNG.java:132)
	at org.testng.remote.RemoteTestNG.initAndRun(RemoteTestNG.java:230)
	at org.testng.remote.RemoteTestNG.main(RemoteTestNG.java:76)
]]>
            </full-stacktrace>
          </exception> <!-- org.openqa.selenium.WebDriverException -->
          <reporter-output>
          </reporter-output>
        </test-method> <!-- afterMethod -->
        <test-method status="PASS" signature="tearDown()[pri:0, instance:com.dbmi.iBRIC.iBRIC_Team@3e6fa38a]" name="tearDown" is-config="true" duration-ms="0" started-at="2017-11-06T09:21:53Z" finished-at="2017-11-06T09:21:53Z">
          <reporter-output>
          </reporter-output>
        </test-method> <!-- tearDown -->
      </class> <!-- com.dbmi.iBRIC.iBRIC_Team -->
      <class name="com.dbmi.iBRIC.iBRIC_Contact">
        <test-method status="PASS" signature="setUp()[pri:0, instance:com.dbmi.iBRIC.iBRIC_Contact@47c62251]" name="setUp" is-config="true" duration-ms="6874" started-at="2017-11-06T09:15:26Z" finished-at="2017-11-06T09:15:33Z">
          <reporter-output>
          </reporter-output>
        </test-method> <!-- setUp -->
        <test-method status="PASS" signature="testIbricContact()[pri:0, instance:com.dbmi.iBRIC.iBRIC_Contact@47c62251]" name="testIbricContact" duration-ms="96662" started-at="2017-11-06T09:15:33Z" finished-at="2017-11-06T09:17:10Z">
          <reporter-output>
          </reporter-output>
        </test-method> <!-- testIbricContact -->
        <test-method status="PASS" signature="afterMethod()[pri:0, instance:com.dbmi.iBRIC.iBRIC_Contact@47c62251]" name="afterMethod" is-config="true" duration-ms="348" started-at="2017-11-06T09:17:10Z" finished-at="2017-11-06T09:17:10Z">
          <reporter-output>
          </reporter-output>
        </test-method> <!-- afterMethod -->
        <test-method status="PASS" signature="tearDown()[pri:0, instance:com.dbmi.iBRIC.iBRIC_Contact@47c62251]" name="tearDown" is-config="true" duration-ms="0" started-at="2017-11-06T09:17:10Z" finished-at="2017-11-06T09:17:10Z">
          <reporter-output>
          </reporter-output>
        </test-method> <!-- tearDown -->
      </class> <!-- com.dbmi.iBRIC.iBRIC_Contact -->
      <class name="com.dbmi.iBRIC.iBRIC_LifeAtIbric">
        <test-method status="PASS" signature="setUp()[pri:0, instance:com.dbmi.iBRIC.iBRIC_LifeAtIbric@6f7fd0e6]" name="setUp" is-config="true" duration-ms="7963" started-at="2017-11-06T09:13:34Z" finished-at="2017-11-06T09:13:42Z">
          <reporter-output>
          </reporter-output>
        </test-method> <!-- setUp -->
        <test-method status="PASS" signature="testIbricLifeAtIbric()[pri:0, instance:com.dbmi.iBRIC.iBRIC_LifeAtIbric@6f7fd0e6]" name="testIbricLifeAtIbric" duration-ms="103693" started-at="2017-11-06T09:13:42Z" finished-at="2017-11-06T09:15:26Z">
          <reporter-output>
          </reporter-output>
        </test-method> <!-- testIbricLifeAtIbric -->
        <test-method status="PASS" signature="afterMethod()[pri:0, instance:com.dbmi.iBRIC.iBRIC_LifeAtIbric@6f7fd0e6]" name="afterMethod" is-config="true" duration-ms="341" started-at="2017-11-06T09:15:26Z" finished-at="2017-11-06T09:15:26Z">
          <reporter-output>
          </reporter-output>
        </test-method> <!-- afterMethod -->
        <test-method status="PASS" signature="tearDown()[pri:0, instance:com.dbmi.iBRIC.iBRIC_LifeAtIbric@6f7fd0e6]" name="tearDown" is-config="true" duration-ms="0" started-at="2017-11-06T09:15:26Z" finished-at="2017-11-06T09:15:26Z">
          <reporter-output>
          </reporter-output>
        </test-method> <!-- tearDown -->
      </class> <!-- com.dbmi.iBRIC.iBRIC_LifeAtIbric -->
    </test> <!-- Test -->
  </suite> <!-- Suite -->
</testng-results>
